<?xml version="1.0" encoding="UTF-8"?>
<!-- Generated by org.testng.reporters.JUnitXMLReporter -->
<testsuite ignored="0" hostname="L40877WIN" failures="0" tests="6" name="Default test" time="0.027" errors="0" timestamp="18 Jan 2022 10:23:50 GMT">
  <testcase classname="seleniumNewFeatures.SuiteExecution1" name="test3" time="0.004"/>
  <testcase classname="seleniumNewFeatures.SuiteExecution1" name="test1" time="0.0"/>
  <testcase classname="seleniumNewFeatures.SuiteExecution" name="test" time="0.001"/>
  <testcase classname="seleniumNewFeatures.SuiteExecution1" name="test2" time="0.001"/>
  <testcase classname="seleniumNewFeatures.SuiteExecution1" name="test4" time="0.0"/>
  <testcase classname="seleniumNewFeatures.SuiteExecution1" name="test5" time="0.002"/>
</testsuite> <!-- Default test -->
