<?xml version="1.0" encoding="UTF-8"?>
<testng-results ignored="0" total="6" passed="6" failed="0" skipped="0">
  <reporter-output>
  </reporter-output>
  <suite started-at="2022-01-18T10:23:50Z" name="Default suite" finished-at="2022-01-18T10:23:50Z" duration-ms="27">
    <groups>
    </groups>
    <test started-at="2022-01-18T10:23:50Z" name="Default test" finished-at="2022-01-18T10:23:50Z" duration-ms="27">
      <class name="seleniumNewFeatures.SuiteExecution1">
        <test-method is-config="true" signature="beforeSuit()[pri:0, instance:seleniumNewFeatures.SuiteExecution1@7c137fd5]" started-at="2022-01-18T10:23:50Z" name="beforeSuit" finished-at="2022-01-18T10:23:50Z" duration-ms="12" status="PASS">
          <reporter-output>
          </reporter-output>
        </test-method> <!-- beforeSuit -->
        <test-method signature="test3()[pri:-98, instance:seleniumNewFeatures.SuiteExecution1@7c137fd5]" started-at="2022-01-18T10:23:50Z" name="test3" finished-at="2022-01-18T10:23:50Z" duration-ms="4" status="PASS">
          <reporter-output>
          </reporter-output>
        </test-method> <!-- test3 -->
        <test-method signature="test1()[pri:-1, instance:seleniumNewFeatures.SuiteExecution1@7c137fd5]" started-at="2022-01-18T10:23:50Z" name="test1" finished-at="2022-01-18T10:23:50Z" duration-ms="0" status="PASS">
          <reporter-output>
          </reporter-output>
        </test-method> <!-- test1 -->
        <test-method signature="test()[pri:0, instance:seleniumNewFeatures.SuiteExecution1@7c137fd5]" started-at="2022-01-18T10:23:50Z" name="test" finished-at="2022-01-18T10:23:50Z" duration-ms="1" status="PASS">
          <reporter-output>
          </reporter-output>
        </test-method> <!-- test -->
        <test-method signature="test2()[pri:0, instance:seleniumNewFeatures.SuiteExecution1@7c137fd5]" started-at="2022-01-18T10:23:50Z" name="test2" finished-at="2022-01-18T10:23:50Z" duration-ms="1" status="PASS">
          <reporter-output>
          </reporter-output>
        </test-method> <!-- test2 -->
        <test-method signature="test4()[pri:0, instance:seleniumNewFeatures.SuiteExecution1@7c137fd5]" started-at="2022-01-18T10:23:50Z" name="test4" finished-at="2022-01-18T10:23:50Z" duration-ms="0" status="PASS">
          <reporter-output>
          </reporter-output>
        </test-method> <!-- test4 -->
        <test-method signature="test5()[pri:0, instance:seleniumNewFeatures.SuiteExecution1@7c137fd5]" started-at="2022-01-18T10:23:50Z" name="test5" finished-at="2022-01-18T10:23:50Z" duration-ms="2" status="PASS">
          <reporter-output>
          </reporter-output>
        </test-method> <!-- test5 -->
        <test-method is-config="true" signature="afterSuit()[pri:0, instance:seleniumNewFeatures.SuiteExecution1@7c137fd5]" started-at="2022-01-18T10:23:50Z" name="afterSuit" finished-at="2022-01-18T10:23:50Z" duration-ms="0" status="PASS">
          <reporter-output>
          </reporter-output>
        </test-method> <!-- afterSuit -->
      </class> <!-- seleniumNewFeatures.SuiteExecution1 -->
    </test> <!-- Default test -->
  </suite> <!-- Default suite -->
</testng-results>
